#
# There is insufficient memory for the Java Runtime Environment to continue.
# Native memory allocation (malloc) failed to allocate 2098992 bytes for Chunk::new
# Possible reasons:
#   The system is out of physical RAM or swap space
#   The process is running with CompressedOops enabled, and the Java Heap may be blocking the growth of the native heap
# Possible solutions:
#   Reduce memory load on the system
#   Increase physical memory or swap space
#   Check if swap backing store is full
#   Decrease Java heap size (-Xmx/-Xms)
#   Decrease number of Java threads
#   Decrease Java thread stack sizes (-Xss)
#   Set larger code cache with -XX:ReservedCodeCacheSize=
#   JVM is running with Zero Based Compressed Oops mode in which the Java heap is
#     placed in the first 32GB address space. The Java Heap base address is the
#     maximum limit for the native heap growth. Please use -XX:HeapBaseMinAddress
#     to set the Java Heap base and to place the Java Heap above 32GB virtual address.
# This output file may be truncated or incomplete.
#
#  Out of Memory Error (arena.cpp:189), pid=3312, tid=3500
#
# JRE version: OpenJDK Runtime Environment (17.0.6) (build 17.0.6+0-b2043.56-9586694)
# Java VM: OpenJDK 64-Bit Server VM (17.0.6+0-b2043.56-9586694, mixed mode, tiered, compressed oops, compressed class ptrs, g1 gc, windows-amd64)
# No core dump will be written. Minidumps are not enabled by default on client versions of Windows
#

---------------  S U M M A R Y ------------

Command Line: org.jetbrains.kotlin.cli.jvm.K2JVMCompiler @D:\ThematicworkRec\app\build\20230910_6307732115744420254.compiler.options

Host: Intel(R) Core(TM) i5-4670 CPU @ 3.40GHz, 4 cores, 11G,  Windows 10 , 64 bit Build 19041 (10.0.19041.3155)
Time: Sun Sep 10 04:12:26 2023  Windows 10 , 64 bit Build 19041 (10.0.19041.3155) elapsed time: 7.744989 seconds (0d 0h 0m 7s)

---------------  T H R E A D  ---------------

Current thread (0x0000019092867830):  JavaThread "C2 CompilerThread0" daemon [_thread_in_native, id=3500, stack(0x0000001c08400000,0x0000001c08500000)]


Current CompileTask:
C2:   7745 8785       4       org.jetbrains.kotlin.cli.jvm.index.JvmDependenciesIndexImpl::search (379 bytes)

Stack: [0x0000001c08400000,0x0000001c08500000]
Native frames: (J=compiled Java code, j=interpreted, Vv=VM code, C=native code)
V  [jvm.dll+0x683b4a]
V  [jvm.dll+0x842654]
V  [jvm.dll+0x843dfe]
V  [jvm.dll+0x844463]
V  [jvm.dll+0x249b75]
V  [jvm.dll+0xabcac]
V  [jvm.dll+0xac27c]
V  [jvm.dll+0x368857]
V  [jvm.dll+0x332f31]
V  [jvm.dll+0x3323da]
V  [jvm.dll+0x21c201]
V  [jvm.dll+0x21b621]
V  [jvm.dll+0x1a4fdd]
V  [jvm.dll+0x22b098]
V  [jvm.dll+0x229159]
V  [jvm.dll+0x7f809c]
V  [jvm.dll+0x7f25fa]
V  [jvm.dll+0x682985]
C  [ucrtbase.dll+0x21bb2]
C  [KERNEL32.DLL+0x17614]
C  [ntdll.dll+0x526b1]


---------------  P R O C E S S  ---------------

Threads class SMR info:
_java_thread_list=0x00000190944af280, length=13, elements={
0x00000190f63aade0, 0x00000190fff35380, 0x00000190fff36470, 0x0000019092862010,
0x00000190928637e0, 0x00000190928661a0, 0x0000019092866b50, 0x0000019092867830,
0x000001909286b7d0, 0x000001909288e990, 0x00000190929c2eb0, 0x00000190929d6a30,
0x000001909467ae00
}

Java Threads: ( => current thread )
  0x00000190f63aade0 JavaThread "main" [_thread_in_Java, id=6372, stack(0x0000001c07700000,0x0000001c07800000)]
  0x00000190fff35380 JavaThread "Reference Handler" daemon [_thread_blocked, id=10132, stack(0x0000001c07e00000,0x0000001c07f00000)]
  0x00000190fff36470 JavaThread "Finalizer" daemon [_thread_blocked, id=4640, stack(0x0000001c07f00000,0x0000001c08000000)]
  0x0000019092862010 JavaThread "Signal Dispatcher" daemon [_thread_blocked, id=6044, stack(0x0000001c08000000,0x0000001c08100000)]
  0x00000190928637e0 JavaThread "Attach Listener" daemon [_thread_blocked, id=10204, stack(0x0000001c08100000,0x0000001c08200000)]
  0x00000190928661a0 JavaThread "Service Thread" daemon [_thread_blocked, id=8032, stack(0x0000001c08200000,0x0000001c08300000)]
  0x0000019092866b50 JavaThread "Monitor Deflation Thread" daemon [_thread_blocked, id=10316, stack(0x0000001c08300000,0x0000001c08400000)]
=>0x0000019092867830 JavaThread "C2 CompilerThread0" daemon [_thread_in_native, id=3500, stack(0x0000001c08400000,0x0000001c08500000)]
  0x000001909286b7d0 JavaThread "C1 CompilerThread0" daemon [_thread_in_native, id=14124, stack(0x0000001c08500000,0x0000001c08600000)]
  0x000001909288e990 JavaThread "Sweeper thread" daemon [_thread_blocked, id=5632, stack(0x0000001c08600000,0x0000001c08700000)]
  0x00000190929c2eb0 JavaThread "Notification Thread" daemon [_thread_blocked, id=12172, stack(0x0000001c08700000,0x0000001c08800000)]
  0x00000190929d6a30 JavaThread "Common-Cleaner" daemon [_thread_blocked, id=12992, stack(0x0000001c08900000,0x0000001c08a00000)]
  0x000001909467ae00 JavaThread "C2 CompilerThread1" daemon [_thread_in_native, id=2096, stack(0x0000001c08a00000,0x0000001c08b00000)]

Other Threads:
  0x00000190fff2ed90 VMThread "VM Thread" [stack: 0x0000001c07d00000,0x0000001c07e00000] [id=8112]
  0x00000190f6417710 WatcherThread [stack: 0x0000001c08800000,0x0000001c08900000] [id=7544]
  0x00000190f64037f0 GCTaskThread "GC Thread#0" [stack: 0x0000001c07800000,0x0000001c07900000] [id=4504]
  0x0000019092d0f5b0 GCTaskThread "GC Thread#1" [stack: 0x0000001c08b00000,0x0000001c08c00000] [id=6996]
  0x0000019092d0f860 GCTaskThread "GC Thread#2" [stack: 0x0000001c08c00000,0x0000001c08d00000] [id=8784]
  0x0000019092db2c80 GCTaskThread "GC Thread#3" [stack: 0x0000001c08d00000,0x0000001c08e00000] [id=7268]
  0x00000190f6410b80 ConcurrentGCThread "G1 Main Marker" [stack: 0x0000001c07900000,0x0000001c07a00000] [id=11936]
  0x00000190f6411d30 ConcurrentGCThread "G1 Conc#0" [stack: 0x0000001c07a00000,0x0000001c07b00000] [id=14292]
  0x00000190f6473bf0 ConcurrentGCThread "G1 Refine#0" [stack: 0x0000001c07b00000,0x0000001c07c00000] [id=12516]
  0x00000190ffd806f0 ConcurrentGCThread "G1 Service" [stack: 0x0000001c07c00000,0x0000001c07d00000] [id=7684]

Threads with active compile tasks:
C2 CompilerThread0     7787 8785       4       org.jetbrains.kotlin.cli.jvm.index.JvmDependenciesIndexImpl::search (379 bytes)
C1 CompilerThread0     7788 8946       3       org.jetbrains.kotlin.resolve.jvm.checkers.JavaNullabilityChecker::checkType (674 bytes)
C2 CompilerThread1     7788 8953       4       java.lang.AbstractStringBuilder::append (45 bytes)

VM state: not at safepoint (normal execution)

VM Mutex/Monitor currently owned by a thread: None

Heap address: 0x0000000741c00000, size: 3044 MB, Compressed Oops mode: Zero based, Oop shift amount: 3

CDS archive(s) not mapped
Compressed class space mapped at: 0x0000000800000000-0x0000000840000000, reserved size: 1073741824
Narrow klass base: 0x0000000800000000, Narrow klass shift: 0, Narrow klass range: 0x40000000

GC Precious Log:
 CPUs: 4 total, 4 available
 Memory: 12173M
 Large Page Support: Disabled
 NUMA Support: Disabled
 Compressed Oops: Enabled (Zero based)
 Heap Region Size: 2M
 Heap Min Capacity: 8M
 Heap Initial Capacity: 192M
 Heap Max Capacity: 3044M
 Pre-touch: Disabled
 Parallel Workers: 4
 Concurrent Workers: 1
 Concurrent Refinement Workers: 4
 Periodic GC: Disabled

Heap:
 garbage-first heap   total 141312K, used 63422K [0x0000000741c00000, 0x0000000800000000)
  region size 2048K, 7 young (14336K), 4 survivors (8192K)
 Metaspace       used 67406K, committed 67712K, reserved 1114112K
  class space    used 8044K, committed 8192K, reserved 1048576K

Heap Regions: E=young(eden), S=young(survivor), O=old, HS=humongous(starts), HC=humongous(continues), CS=collection set, F=free, OA=open archive, CA=closed archive, TAMS=top-at-mark-start (previous, next)
|   0|0x0000000741c00000, 0x0000000741e00000, 0x0000000741e00000|100%|HS|  |TAMS 0x0000000741e00000, 0x0000000741c00000| Complete 
|   1|0x0000000741e00000, 0x0000000742000000, 0x0000000742000000|100%|HC|  |TAMS 0x0000000742000000, 0x0000000741e00000| Complete 
|   2|0x0000000742000000, 0x0000000742200000, 0x0000000742200000|100%| O|  |TAMS 0x0000000742200000, 0x0000000742000000| Untracked 
|   3|0x0000000742200000, 0x0000000742400000, 0x0000000742400000|100%| O|  |TAMS 0x0000000742400000, 0x0000000742200000| Untracked 
|   4|0x0000000742400000, 0x0000000742600000, 0x0000000742600000|100%|HS|  |TAMS 0x0000000742600000, 0x0000000742400000| Complete 
|   5|0x0000000742600000, 0x0000000742800000, 0x0000000742800000|100%|HC|  |TAMS 0x0000000742800000, 0x0000000742600000| Complete 
|   6|0x0000000742800000, 0x0000000742a00000, 0x0000000742a00000|100%| O|  |TAMS 0x0000000742a00000, 0x0000000742800000| Untracked 
|   7|0x0000000742a00000, 0x0000000742c00000, 0x0000000742c00000|100%| O|  |TAMS 0x0000000742c00000, 0x0000000742a00000| Untracked 
|   8|0x0000000742c00000, 0x0000000742e00000, 0x0000000742e00000|100%| O|  |TAMS 0x0000000742e00000, 0x0000000742c00000| Untracked 
|   9|0x0000000742e00000, 0x0000000743000000, 0x0000000743000000|100%| O|  |TAMS 0x0000000743000000, 0x0000000742e00000| Untracked 
|  10|0x0000000743000000, 0x0000000743200000, 0x0000000743200000|100%| O|  |TAMS 0x0000000743200000, 0x0000000743000000| Untracked 
|  11|0x0000000743200000, 0x0000000743400000, 0x0000000743400000|100%|HS|  |TAMS 0x0000000743400000, 0x0000000743200000| Complete 
|  12|0x0000000743400000, 0x0000000743600000, 0x0000000743600000|100%| O|  |TAMS 0x0000000743600000, 0x0000000743400000| Untracked 
|  13|0x0000000743600000, 0x0000000743800000, 0x0000000743800000|100%| O|  |TAMS 0x0000000743800000, 0x0000000743600000| Untracked 
|  14|0x0000000743800000, 0x0000000743a00000, 0x0000000743a00000|100%| O|  |TAMS 0x0000000743a00000, 0x0000000743800000| Untracked 
|  15|0x0000000743a00000, 0x0000000743c00000, 0x0000000743c00000|100%| O|  |TAMS 0x0000000743c00000, 0x0000000743a00000| Untracked 
|  16|0x0000000743c00000, 0x0000000743e00000, 0x0000000743e00000|100%| O|  |TAMS 0x0000000743e00000, 0x0000000743c00000| Untracked 
|  17|0x0000000743e00000, 0x0000000744000000, 0x0000000744000000|100%| O|  |TAMS 0x0000000744000000, 0x0000000743e00000| Untracked 
|  18|0x0000000744000000, 0x0000000744200000, 0x0000000744200000|100%| O|  |TAMS 0x0000000744200000, 0x0000000744000000| Untracked 
|  19|0x0000000744200000, 0x0000000744400000, 0x0000000744400000|100%| O|  |TAMS 0x0000000744400000, 0x0000000744200000| Untracked 
|  20|0x0000000744400000, 0x0000000744600000, 0x0000000744600000|100%| O|  |TAMS 0x0000000744600000, 0x0000000744400000| Untracked 
|  21|0x0000000744600000, 0x0000000744800000, 0x0000000744800000|100%| O|  |TAMS 0x0000000744800000, 0x0000000744600000| Untracked 
|  22|0x0000000744800000, 0x0000000744a00000, 0x0000000744a00000|100%| O|  |TAMS 0x0000000744a00000, 0x0000000744800000| Untracked 
|  23|0x0000000744a00000, 0x0000000744c00000, 0x0000000744c00000|100%| O|  |TAMS 0x0000000744c00000, 0x0000000744a00000| Untracked 
|  24|0x0000000744c00000, 0x0000000744def800, 0x0000000744e00000| 96%| O|  |TAMS 0x0000000744d25200, 0x0000000744c00000| Untracked 
|  25|0x0000000744e00000, 0x0000000744e00000, 0x0000000745000000|  0%| F|  |TAMS 0x0000000744e00000, 0x0000000744e00000| Untracked 
|  26|0x0000000745000000, 0x0000000745000000, 0x0000000745200000|  0%| F|  |TAMS 0x0000000745000000, 0x0000000745000000| Untracked 
|  27|0x0000000745200000, 0x0000000745200000, 0x0000000745400000|  0%| F|  |TAMS 0x0000000745200000, 0x0000000745200000| Untracked 
|  28|0x0000000745400000, 0x0000000745400000, 0x0000000745600000|  0%| F|  |TAMS 0x0000000745400000, 0x0000000745400000| Untracked 
|  29|0x0000000745600000, 0x0000000745600000, 0x0000000745800000|  0%| F|  |TAMS 0x0000000745600000, 0x0000000745600000| Untracked 
|  30|0x0000000745800000, 0x0000000745800000, 0x0000000745a00000|  0%| F|  |TAMS 0x0000000745800000, 0x0000000745800000| Untracked 
|  31|0x0000000745a00000, 0x0000000745a00000, 0x0000000745c00000|  0%| F|  |TAMS 0x0000000745a00000, 0x0000000745a00000| Untracked 
|  32|0x0000000745c00000, 0x0000000745c00000, 0x0000000745e00000|  0%| F|  |TAMS 0x0000000745c00000, 0x0000000745c00000| Untracked 
|  33|0x0000000745e00000, 0x0000000745e00000, 0x0000000746000000|  0%| F|  |TAMS 0x0000000745e00000, 0x0000000745e00000| Untracked 
|  34|0x0000000746000000, 0x0000000746000000, 0x0000000746200000|  0%| F|  |TAMS 0x0000000746000000, 0x0000000746000000| Untracked 
|  35|0x0000000746200000, 0x0000000746200000, 0x0000000746400000|  0%| F|  |TAMS 0x0000000746200000, 0x0000000746200000| Untracked 
|  36|0x0000000746400000, 0x0000000746400000, 0x0000000746600000|  0%| F|  |TAMS 0x0000000746400000, 0x0000000746400000| Untracked 
|  37|0x0000000746600000, 0x0000000746600000, 0x0000000746800000|  0%| F|  |TAMS 0x0000000746600000, 0x0000000746600000| Untracked 
|  38|0x0000000746800000, 0x0000000746800000, 0x0000000746a00000|  0%| F|  |TAMS 0x0000000746800000, 0x0000000746800000| Untracked 
|  39|0x0000000746a00000, 0x0000000746c00000, 0x0000000746c00000|100%| S|CS|TAMS 0x0000000746a00000, 0x0000000746a00000| Complete 
|  40|0x0000000746c00000, 0x0000000746e00000, 0x0000000746e00000|100%| S|CS|TAMS 0x0000000746c00000, 0x0000000746c00000| Complete 
|  41|0x0000000746e00000, 0x0000000747000000, 0x0000000747000000|100%| S|CS|TAMS 0x0000000746e00000, 0x0000000746e00000| Complete 
|  42|0x0000000747000000, 0x0000000747200000, 0x0000000747200000|100%| S|CS|TAMS 0x0000000747000000, 0x0000000747000000| Complete 
|  43|0x0000000747200000, 0x0000000747200000, 0x0000000747400000|  0%| F|  |TAMS 0x0000000747200000, 0x0000000747200000| Untracked 
|  44|0x0000000747400000, 0x0000000747400000, 0x0000000747600000|  0%| F|  |TAMS 0x0000000747400000, 0x0000000747400000| Untracked 
|  45|0x0000000747600000, 0x0000000747600000, 0x0000000747800000|  0%| F|  |TAMS 0x0000000747600000, 0x0000000747600000| Untracked 
|  46|0x0000000747800000, 0x0000000747800000, 0x0000000747a00000|  0%| F|  |TAMS 0x0000000747800000, 0x0000000747800000| Untracked 
|  47|0x0000000747a00000, 0x0000000747a00000, 0x0000000747c00000|  0%| F|  |TAMS 0x0000000747a00000, 0x0000000747a00000| Untracked 
|  48|0x0000000747c00000, 0x0000000747c00000, 0x0000000747e00000|  0%| F|  |TAMS 0x0000000747c00000, 0x0000000747c00000| Untracked 
|  49|0x0000000747e00000, 0x0000000747e00000, 0x0000000748000000|  0%| F|  |TAMS 0x0000000747e00000, 0x0000000747e00000| Untracked 
|  50|0x0000000748000000, 0x0000000748000000, 0x0000000748200000|  0%| F|  |TAMS 0x0000000748000000, 0x0000000748000000| Untracked 
|  51|0x0000000748200000, 0x0000000748200000, 0x0000000748400000|  0%| F|  |TAMS 0x0000000748200000, 0x0000000748200000| Untracked 
|  52|0x0000000748400000, 0x0000000748400000, 0x0000000748600000|  0%| F|  |TAMS 0x0000000748400000, 0x0000000748400000| Untracked 
|  53|0x0000000748600000, 0x0000000748600000, 0x0000000748800000|  0%| F|  |TAMS 0x0000000748600000, 0x0000000748600000| Untracked 
|  54|0x0000000748800000, 0x0000000748800000, 0x0000000748a00000|  0%| F|  |TAMS 0x0000000748800000, 0x0000000748800000| Untracked 
|  55|0x0000000748a00000, 0x0000000748a00000, 0x0000000748c00000|  0%| F|  |TAMS 0x0000000748a00000, 0x0000000748a00000| Untracked 
|  56|0x0000000748c00000, 0x0000000748c00000, 0x0000000748e00000|  0%| F|  |TAMS 0x0000000748c00000, 0x0000000748c00000| Untracked 
|  57|0x0000000748e00000, 0x0000000748e00000, 0x0000000749000000|  0%| F|  |TAMS 0x0000000748e00000, 0x0000000748e00000| Untracked 
|  58|0x0000000749000000, 0x0000000749000000, 0x0000000749200000|  0%| F|  |TAMS 0x0000000749000000, 0x0000000749000000| Untracked 
|  59|0x0000000749200000, 0x0000000749200000, 0x0000000749400000|  0%| F|  |TAMS 0x0000000749200000, 0x0000000749200000| Untracked 
|  60|0x0000000749400000, 0x0000000749400000, 0x0000000749600000|  0%| F|  |TAMS 0x0000000749400000, 0x0000000749400000| Untracked 
|  61|0x0000000749600000, 0x0000000749600000, 0x0000000749800000|  0%| F|  |TAMS 0x0000000749600000, 0x0000000749600000| Untracked 
|  62|0x0000000749800000, 0x0000000749800000, 0x0000000749a00000|  0%| F|  |TAMS 0x0000000749800000, 0x0000000749800000| Untracked 
|  63|0x0000000749a00000, 0x0000000749a00000, 0x0000000749c00000|  0%| F|  |TAMS 0x0000000749a00000, 0x0000000749a00000| Untracked 
|  64|0x0000000749c00000, 0x0000000749c00000, 0x0000000749e00000|  0%| F|  |TAMS 0x0000000749c00000, 0x0000000749c00000| Untracked 
|  89|0x000000074ce00000, 0x000000074ce00000, 0x000000074d000000|  0%| F|  |TAMS 0x000000074ce00000, 0x000000074ce00000| Untracked 
|  90|0x000000074d000000, 0x000000074d0ea2e0, 0x000000074d200000| 45%| E|  |TAMS 0x000000074d000000, 0x000000074d000000| Complete 
|  91|0x000000074d200000, 0x000000074d400000, 0x000000074d400000|100%| E|CS|TAMS 0x000000074d200000, 0x000000074d200000| Complete 
|  95|0x000000074da00000, 0x000000074dc00000, 0x000000074dc00000|100%| E|CS|TAMS 0x000000074da00000, 0x000000074da00000| Complete 

Card table byte_map: [0x00000190f9e80000,0x00000190fa480000] _byte_map_base: 0x00000190f6472000

Marking Bits (Prev, Next): (CMBitMap*) 0x00000190f6403e00, (CMBitMap*) 0x00000190f6403e40
 Prev Bits: [0x00000190faa80000, 0x00000190fda10000)
 Next Bits: [0x000001908f000000, 0x0000019091f90000)

Polling page: 0x00000190f43a0000

Metaspace:

Usage:
  Non-class:     57.98 MB used.
      Class:      7.86 MB used.
       Both:     65.83 MB used.

Virtual space:
  Non-class space:       64.00 MB reserved,      58.12 MB ( 91%) committed,  8 nodes.
      Class space:        1.00 GB reserved,       8.00 MB ( <1%) committed,  1 nodes.
             Both:        1.06 GB reserved,      66.12 MB (  6%) committed. 

Chunk freelists:
   Non-Class:  1.69 MB
       Class:  47.00 KB
        Both:  1.73 MB

MaxMetaspaceSize: unlimited
CompressedClassSpaceSize: 1.00 GB
Initial GC threshold: 21.00 MB
Current GC threshold: 109.81 MB
CDS: off
MetaspaceReclaimPolicy: balanced
 - commit_granule_bytes: 65536.
 - commit_granule_words: 8192.
 - virtual_space_node_default_size: 1048576.
 - enlarge_chunks_in_place: 1.
 - new_chunks_are_fully_committed: 0.
 - uncommit_free_chunks: 1.
 - use_allocation_guard: 0.
 - handle_deallocations: 1.


Internal statistics:

num_allocs_failed_limit: 12.
num_arena_births: 314.
num_arena_deaths: 0.
num_vsnodes_births: 9.
num_vsnodes_deaths: 0.
num_space_committed: 1056.
num_space_uncommitted: 0.
num_chunks_returned_to_freelist: 12.
num_chunks_taken_from_freelist: 2418.
num_chunk_merges: 12.
num_chunk_splits: 1918.
num_chunks_enlarged: 1678.
num_purges: 0.
num_inconsistent_stats: 0.

CodeHeap 'non-profiled nmethods': size=120000Kb used=4053Kb max_used=4053Kb free=115946Kb
 bounds [0x0000019087ad0000, 0x0000019087ed0000, 0x000001908f000000]
CodeHeap 'profiled nmethods': size=120000Kb used=21795Kb max_used=21795Kb free=98204Kb
 bounds [0x0000019080000000, 0x0000019081550000, 0x0000019087530000]
CodeHeap 'non-nmethods': size=5760Kb used=1316Kb max_used=1372Kb free=4443Kb
 bounds [0x0000019087530000, 0x00000190877a0000, 0x0000019087ad0000]
 total_blobs=8699 nmethods=8073 adapters=536
 compilation: enabled
              stopped_count=0, restarted_count=0
 full_count=0

Compilation events (20 events):
Event: 7.712 Thread 0x000001909286b7d0 8883       2       org.jetbrains.kotlin.types.KotlinType::equals (56 bytes)
Event: 7.713 Thread 0x000001909286b7d0 nmethod 8883 0x00000190814e3f90 code [0x00000190814e42a0, 0x00000190814e4c88]
Event: 7.713 Thread 0x000001909286b7d0 8884       3       org.jetbrains.kotlin.resolve.calls.inference.model.NewConstraintSystemImpl::isStarProjection (18 bytes)
Event: 7.713 Thread 0x000001909286b7d0 nmethod 8884 0x00000190814e5290 code [0x00000190814e54a0, 0x00000190814e5b28]
Event: 7.727 Thread 0x000001909467ae00 nmethod 8824 0x0000019087eb6f90 code [0x0000019087eb72e0, 0x0000019087eba810]
Event: 7.727 Thread 0x000001909467ae00 8876       4       org.jetbrains.kotlin.resolve.DescriptorUtils::getFqName (29 bytes)
Event: 7.739 Thread 0x000001909286b7d0 8885       3       org.jetbrains.kotlin.resolve.jvm.checkers.JavaTypeAccessibilityChecker::findInaccessibleJavaClassesRec (110 bytes)
Event: 7.740 Thread 0x000001909286b7d0 nmethod 8885 0x00000190814e5d90 code [0x00000190814e61a0, 0x00000190814e7ec8]
Event: 7.740 Thread 0x000001909286b7d0 8886       3       org.jetbrains.kotlin.resolve.jvm.JvmClassName::getInternalName (14 bytes)
Event: 7.740 Thread 0x000001909286b7d0 nmethod 8886 0x00000190814e8810 code [0x00000190814e89c0, 0x00000190814e8b48]
Event: 7.740 Thread 0x000001909286b7d0 8887       3       org.jetbrains.kotlin.builtins.KotlinBuiltIns::isBoolean (17 bytes)
Event: 7.740 Thread 0x000001909286b7d0 nmethod 8887 0x00000190814e8c10 code [0x00000190814e8dc0, 0x00000190814e8f58]
Event: 7.740 Thread 0x000001909286b7d0 8890       3       org.jetbrains.kotlin.com.intellij.psi.impl.PsiElementBase::acceptChildren (35 bytes)
Event: 7.740 Thread 0x000001909286b7d0 nmethod 8890 0x00000190814e9010 code [0x00000190814e91e0, 0x00000190814e9658]
Event: 7.740 Thread 0x000001909286b7d0 8891       1       org.jetbrains.kotlin.resolve.checkers.DeclarationCheckerContext::getLanguageVersionSettings (5 bytes)
Event: 7.741 Thread 0x000001909286b7d0 nmethod 8891 0x0000019087ebc390 code [0x0000019087ebc520, 0x0000019087ebc5f8]
Event: 7.742 Thread 0x000001909286b7d0 8892       3       org.jetbrains.kotlin.resolve.calls.model.DataFlowInfoForArgumentsImpl::getResultInfo (44 bytes)
Event: 7.742 Thread 0x000001909286b7d0 nmethod 8892 0x00000190814e9790 code [0x00000190814e9960, 0x00000190814e9c68]
Event: 7.743 Thread 0x000001909467ae00 nmethod 8876 0x0000019087ebc690 code [0x0000019087ebc8c0, 0x0000019087ebdbc8]
Event: 7.743 Thread 0x000001909467ae00 8888       4       org.jetbrains.kotlin.util.slicedMap.OpenAddressLinearProbingHashTableKt::put (80 bytes)

GC Heap History (20 events):
Event: 2.451 GC heap before
{Heap before GC invocations=7 (full 0):
 garbage-first heap   total 55296K, used 38634K [0x0000000741c00000, 0x0000000800000000)
  region size 2048K, 11 young (22528K), 1 survivors (2048K)
 Metaspace       used 32666K, committed 32896K, reserved 1081344K
  class space    used 3971K, committed 4032K, reserved 1048576K
}
Event: 2.458 GC heap after
{Heap after GC invocations=8 (full 0):
 garbage-first heap   total 75776K, used 22238K [0x0000000741c00000, 0x0000000800000000)
  region size 2048K, 2 young (4096K), 2 survivors (4096K)
 Metaspace       used 32666K, committed 32896K, reserved 1081344K
  class space    used 3971K, committed 4032K, reserved 1048576K
}
Event: 2.780 GC heap before
{Heap before GC invocations=8 (full 0):
 garbage-first heap   total 75776K, used 38622K [0x0000000741c00000, 0x0000000800000000)
  region size 2048K, 11 young (22528K), 2 survivors (4096K)
 Metaspace       used 35859K, committed 36096K, reserved 1081344K
  class space    used 4563K, committed 4672K, reserved 1048576K
}
Event: 2.790 GC heap after
{Heap after GC invocations=9 (full 0):
 garbage-first heap   total 75776K, used 27852K [0x0000000741c00000, 0x0000000800000000)
  region size 2048K, 2 young (4096K), 2 survivors (4096K)
 Metaspace       used 35859K, committed 36096K, reserved 1081344K
  class space    used 4563K, committed 4672K, reserved 1048576K
}
Event: 3.177 GC heap before
{Heap before GC invocations=10 (full 0):
 garbage-first heap   total 75776K, used 50380K [0x0000000741c00000, 0x0000000800000000)
  region size 2048K, 14 young (28672K), 2 survivors (4096K)
 Metaspace       used 39914K, committed 40256K, reserved 1089536K
  class space    used 5018K, committed 5184K, reserved 1048576K
}
Event: 3.184 GC heap after
{Heap after GC invocations=11 (full 0):
 garbage-first heap   total 75776K, used 29343K [0x0000000741c00000, 0x0000000800000000)
  region size 2048K, 2 young (4096K), 2 survivors (4096K)
 Metaspace       used 39914K, committed 40256K, reserved 1089536K
  class space    used 5018K, committed 5184K, reserved 1048576K
}
Event: 3.212 GC heap before
{Heap before GC invocations=11 (full 0):
 garbage-first heap   total 75776K, used 29343K [0x0000000741c00000, 0x0000000800000000)
  region size 2048K, 3 young (6144K), 2 survivors (4096K)
 Metaspace       used 40285K, committed 40576K, reserved 1089536K
  class space    used 5057K, committed 5184K, reserved 1048576K
}
Event: 3.218 GC heap after
{Heap after GC invocations=12 (full 0):
 garbage-first heap   total 75776K, used 29035K [0x0000000741c00000, 0x0000000800000000)
  region size 2048K, 1 young (2048K), 1 survivors (2048K)
 Metaspace       used 40285K, committed 40576K, reserved 1089536K
  class space    used 5057K, committed 5184K, reserved 1048576K
}
Event: 3.562 GC heap before
{Heap before GC invocations=12 (full 0):
 garbage-first heap   total 75776K, used 51563K [0x0000000741c00000, 0x0000000800000000)
  region size 2048K, 12 young (24576K), 1 survivors (2048K)
 Metaspace       used 45407K, committed 45696K, reserved 1089536K
  class space    used 5561K, committed 5696K, reserved 1048576K
}
Event: 3.567 GC heap after
{Heap after GC invocations=13 (full 0):
 garbage-first heap   total 116736K, used 30636K [0x0000000741c00000, 0x0000000800000000)
  region size 2048K, 2 young (4096K), 2 survivors (4096K)
 Metaspace       used 45407K, committed 45696K, reserved 1089536K
  class space    used 5561K, committed 5696K, reserved 1048576K
}
Event: 4.245 GC heap before
{Heap before GC invocations=13 (full 0):
 garbage-first heap   total 116736K, used 81836K [0x0000000741c00000, 0x0000000800000000)
  region size 2048K, 26 young (53248K), 2 survivors (4096K)
 Metaspace       used 52250K, committed 52480K, reserved 1097728K
  class space    used 6360K, committed 6464K, reserved 1048576K
}
Event: 4.254 GC heap after
{Heap after GC invocations=14 (full 0):
 garbage-first heap   total 116736K, used 37549K [0x0000000741c00000, 0x0000000800000000)
  region size 2048K, 4 young (8192K), 4 survivors (8192K)
 Metaspace       used 52250K, committed 52480K, reserved 1097728K
  class space    used 6360K, committed 6464K, reserved 1048576K
}
Event: 4.902 GC heap before
{Heap before GC invocations=14 (full 0):
 garbage-first heap   total 116736K, used 80557K [0x0000000741c00000, 0x0000000800000000)
  region size 2048K, 25 young (51200K), 4 survivors (8192K)
 Metaspace       used 56702K, committed 56960K, reserved 1105920K
  class space    used 6783K, committed 6912K, reserved 1048576K
}
Event: 4.918 GC heap after
{Heap after GC invocations=15 (full 0):
 garbage-first heap   total 116736K, used 43211K [0x0000000741c00000, 0x0000000800000000)
  region size 2048K, 3 young (6144K), 3 survivors (6144K)
 Metaspace       used 56702K, committed 56960K, reserved 1105920K
  class space    used 6783K, committed 6912K, reserved 1048576K
}
Event: 5.592 GC heap before
{Heap before GC invocations=15 (full 0):
 garbage-first heap   total 116736K, used 82123K [0x0000000741c00000, 0x0000000800000000)
  region size 2048K, 22 young (45056K), 3 survivors (6144K)
 Metaspace       used 57881K, committed 58176K, reserved 1105920K
  class space    used 6828K, committed 6976K, reserved 1048576K
}
Event: 5.610 GC heap after
{Heap after GC invocations=16 (full 0):
 garbage-first heap   total 116736K, used 50045K [0x0000000741c00000, 0x0000000800000000)
  region size 2048K, 3 young (6144K), 3 survivors (6144K)
 Metaspace       used 57881K, committed 58176K, reserved 1105920K
  class space    used 6828K, committed 6976K, reserved 1048576K
}
Event: 5.964 GC heap before
{Heap before GC invocations=16 (full 0):
 garbage-first heap   total 116736K, used 72573K [0x0000000741c00000, 0x0000000800000000)
  region size 2048K, 15 young (30720K), 3 survivors (6144K)
 Metaspace       used 60501K, committed 60736K, reserved 1105920K
  class space    used 7245K, committed 7360K, reserved 1048576K
}
Event: 5.978 GC heap after
{Heap after GC invocations=17 (full 0):
 garbage-first heap   total 141312K, used 52971K [0x0000000741c00000, 0x0000000800000000)
  region size 2048K, 2 young (4096K), 2 survivors (4096K)
 Metaspace       used 60501K, committed 60736K, reserved 1105920K
  class space    used 7245K, committed 7360K, reserved 1048576K
}
Event: 7.555 GC heap before
{Heap before GC invocations=18 (full 0):
 garbage-first heap   total 141312K, used 102123K [0x0000000741c00000, 0x0000000800000000)
  region size 2048K, 26 young (53248K), 2 survivors (4096K)
 Metaspace       used 67042K, committed 67328K, reserved 1114112K
  class space    used 8029K, committed 8128K, reserved 1048576K
}
Event: 7.565 GC heap after
{Heap after GC invocations=19 (full 0):
 garbage-first heap   total 141312K, used 59326K [0x0000000741c00000, 0x0000000800000000)
  region size 2048K, 4 young (8192K), 4 survivors (8192K)
 Metaspace       used 67042K, committed 67328K, reserved 1114112K
  class space    used 8029K, committed 8128K, reserved 1048576K
}

Dll operation events (2 events):
Event: 0.008 Loaded shared library D:\Android Kotlin\jbr\bin\java.dll
Event: 1.146 Loaded shared library D:\Android Kotlin\jbr\bin\verify.dll

Deoptimization events (20 events):
Event: 7.598 Thread 0x00000190f63aade0 DEOPT PACKING pc=0x0000019087e99eac sp=0x0000001c077fd080
Event: 7.598 Thread 0x00000190f63aade0 DEOPT UNPACKING pc=0x00000190875869a3 sp=0x0000001c077fcde0 mode 2
Event: 7.598 Thread 0x00000190f63aade0 Uncommon trap: trap_request=0xffffff66 fr.pc=0x0000019087e99ec8 relative=0x0000000000000888
Event: 7.598 Thread 0x00000190f63aade0 Uncommon trap: reason=speculate_class_check action=maybe_recompile pc=0x0000019087e99ec8 method=org.jetbrains.kotlin.types.checker.ClassicTypeSystemContext$DefaultImpls.asSimpleType(Lorg/jetbrains/kotlin/types/checker/ClassicTypeSystemContext;Lorg/jetbrai
Event: 7.598 Thread 0x00000190f63aade0 DEOPT PACKING pc=0x0000019087e99ec8 sp=0x0000001c077fcfa0
Event: 7.598 Thread 0x00000190f63aade0 DEOPT UNPACKING pc=0x00000190875869a3 sp=0x0000001c077fcd00 mode 2
Event: 7.611 Thread 0x00000190f63aade0 Uncommon trap: trap_request=0xffffff66 fr.pc=0x0000019087e99eac relative=0x000000000000086c
Event: 7.611 Thread 0x00000190f63aade0 Uncommon trap: reason=speculate_class_check action=maybe_recompile pc=0x0000019087e99eac method=org.jetbrains.kotlin.types.checker.ClassicTypeSystemContext$DefaultImpls.asSimpleType(Lorg/jetbrains/kotlin/types/checker/ClassicTypeSystemContext;Lorg/jetbrai
Event: 7.611 Thread 0x00000190f63aade0 DEOPT PACKING pc=0x0000019087e99eac sp=0x0000001c077facb0
Event: 7.611 Thread 0x00000190f63aade0 DEOPT UNPACKING pc=0x00000190875869a3 sp=0x0000001c077faa10 mode 2
Event: 7.623 Thread 0x00000190f63aade0 Uncommon trap: trap_request=0xffffff45 fr.pc=0x0000019087c8700c relative=0x00000000000000ec
Event: 7.623 Thread 0x00000190f63aade0 Uncommon trap: reason=unstable_if action=reinterpret pc=0x0000019087c8700c method=java.util.ArrayList.indexOfRange(Ljava/lang/Object;II)I @ 7 c2
Event: 7.623 Thread 0x00000190f63aade0 DEOPT PACKING pc=0x0000019087c8700c sp=0x0000001c077f7690
Event: 7.623 Thread 0x00000190f63aade0 DEOPT UNPACKING pc=0x00000190875869a3 sp=0x0000001c077f7610 mode 2
Event: 7.631 Thread 0x00000190f63aade0 DEOPT PACKING pc=0x000001908043f49d sp=0x0000001c077f5730
Event: 7.632 Thread 0x00000190f63aade0 DEOPT UNPACKING pc=0x0000019087587143 sp=0x0000001c077f4bc0 mode 0
Event: 7.632 Thread 0x00000190f63aade0 Uncommon trap: trap_request=0xffffff45 fr.pc=0x0000019087e82504 relative=0x0000000000003104
Event: 7.632 Thread 0x00000190f63aade0 Uncommon trap: reason=unstable_if action=reinterpret pc=0x0000019087e82504 method=org.jetbrains.kotlin.utils.SmartSet.add(Ljava/lang/Object;)Z @ 88 c2
Event: 7.632 Thread 0x00000190f63aade0 DEOPT PACKING pc=0x0000019087e82504 sp=0x0000001c077f6f70
Event: 7.632 Thread 0x00000190f63aade0 DEOPT UNPACKING pc=0x00000190875869a3 sp=0x0000001c077f6f58 mode 2

Classes unloaded (0 events):
No events

Classes redefined (0 events):
No events

Internal exceptions (20 events):
Event: 5.575 Thread 0x00000190f63aade0 Exception <a 'java/lang/NoSuchMethodError'{0x00000007468e2160}: 'java.lang.Object java.lang.invoke.DirectMethodHandle$Holder.newInvokeSpecial(java.lang.Object, int, java.lang.Object)'> (0x00000007468e2160) 
thrown [s\src\hotspot\share\interpreter\linkResolver.cpp, line 771]
Event: 5.797 Thread 0x00000190f63aade0 Exception <a 'java/lang/NoSuchMethodError'{0x0000000747d158c0}: 'java.lang.Object java.lang.invoke.DirectMethodHandle$Holder.newInvokeSpecial(java.lang.Object, java.lang.Object, java.lang.Object, java.lang.Object, java.lang.Object, java.lang.Object)'> (0x0000000747d158c0) 
thrown [s\src\hotspot\share\interpreter\linkResolver.cpp, line 771]
Event: 5.843 Thread 0x00000190f63aade0 Exception <a 'java/lang/NoSuchMethodError'{0x0000000747bb39c8}: 'int java.lang.invoke.DirectMethodHandle$Holder.invokeVirtual(java.lang.Object, java.lang.Object, java.lang.Object)'> (0x0000000747bb39c8) 
thrown [s\src\hotspot\share\interpreter\linkResolver.cpp, line 771]
Event: 5.862 Thread 0x00000190f63aade0 Exception <a 'java/lang/NoSuchMethodError'{0x0000000747889f08}: 'java.lang.Object java.lang.invoke.DirectMethodHandle$Holder.invokeStatic(java.lang.Object, java.lang.Object, java.lang.Object, java.lang.Object, int)'> (0x0000000747889f08) 
thrown [s\src\hotspot\share\interpreter\linkResolver.cpp, line 771]
Event: 5.863 Thread 0x00000190f63aade0 Exception <a 'java/lang/NoSuchMethodError'{0x0000000747893af8}: 'java.lang.Object java.lang.invoke.DirectMethodHandle$Holder.newInvokeSpecial(java.lang.Object, java.lang.Object, java.lang.Object, java.lang.Object, int)'> (0x0000000747893af8) 
thrown [s\src\hotspot\share\interpreter\linkResolver.cpp, line 771]
Event: 5.863 Thread 0x00000190f63aade0 Exception <a 'java/lang/NoSuchMethodError'{0x0000000747898628}: 'java.lang.Object java.lang.invoke.DirectMethodHandle$Holder.invokeSpecial(java.lang.Object, java.lang.Object, java.lang.Object, java.lang.Object, java.lang.Object, int)'> (0x0000000747898628) 
thrown [s\src\hotspot\share\interpreter\linkResolver.cpp, line 771]
Event: 5.863 Thread 0x00000190f63aade0 Exception <a 'java/lang/NoSuchMethodError'{0x000000074789cb08}: 'java.lang.Object java.lang.invoke.Invokers$Holder.linkToTargetMethod(java.lang.Object, java.lang.Object, java.lang.Object, int, java.lang.Object)'> (0x000000074789cb08) 
thrown [s\src\hotspot\share\interpreter\linkResolver.cpp, line 771]
Event: 6.022 Thread 0x00000190f63aade0 Exception <a 'java/lang/NoSuchMethodError'{0x000000074da661b8}: 'void java.lang.invoke.DirectMethodHandle$Holder.invokeInterface(java.lang.Object, java.lang.Object)'> (0x000000074da661b8) 
thrown [s\src\hotspot\share\interpreter\linkResolver.cpp, line 771]
Event: 6.049 Thread 0x00000190f63aade0 Exception <a 'java/lang/NoSuchMethodError'{0x000000074db1dc10}: 'void java.lang.invoke.DirectMethodHandle$Holder.invokeSpecial(java.lang.Object, java.lang.Object, int, java.lang.Object)'> (0x000000074db1dc10) 
thrown [s\src\hotspot\share\interpreter\linkResolver.cpp, line 771]
Event: 6.107 Thread 0x00000190f63aade0 Implicit null exception at 0x0000019087c4fd4c to 0x0000019087c4fe34
Event: 6.338 Thread 0x00000190f63aade0 Implicit null exception at 0x0000019087c7a458 to 0x0000019087c7a4ee
Event: 6.369 Thread 0x00000190f63aade0 Implicit null exception at 0x0000019087b8ad8b to 0x0000019087b8afcc
Event: 6.424 Thread 0x00000190f63aade0 Exception <a 'java/lang/NoSuchMethodError'{0x00000007496a8f40}: 'java.lang.Object java.lang.invoke.DirectMethodHandle$Holder.invokeInterface(java.lang.Object, java.lang.Object, java.lang.Object)'> (0x00000007496a8f40) 
thrown [s\src\hotspot\share\interpreter\linkResolver.cpp, line 771]
Event: 6.424 Thread 0x00000190f63aade0 Exception <a 'java/lang/IncompatibleClassChangeError'{0x00000007496ad5f8}: Found class java.lang.Object, but interface was expected> (0x00000007496ad5f8) 
thrown [s\src\hotspot\share\interpreter\linkResolver.cpp, line 838]
Event: 6.486 Thread 0x00000190f63aade0 Exception <a 'java/lang/NoSuchMethodError'{0x00000007494d6c98}: 'java.lang.Object java.lang.invoke.DirectMethodHandle$Holder.newInvokeSpecial(java.lang.Object, java.lang.Object, java.lang.Object, java.lang.Object, java.lang.Object, java.lang.Object, java.lang.Object)'> (0x00000007494d6c98) 
thrown [s\src\hotspot\share\interpreter\linkResolver.cpp, line 771]
Event: 6.486 Thread 0x00000190f63aade0 Exception <a 'java/lang/NoSuchMethodError'{0x00000007494dc2f0}: 'java.lang.Object java.lang.invoke.Invokers$Holder.linkToTargetMethod(java.lang.Object, java.lang.Object, java.lang.Object, java.lang.Object, java.lang.Object, java.lang.Object, java.lang.Object)'> (0x00000007494dc2f0) 
thrown [s\src\hotspot\share\interpreter\linkResolver.cpp, line 771]
Event: 6.556 Thread 0x00000190f63aade0 Exception <a 'java/lang/IncompatibleClassChangeError'{0x0000000749292b70}: Found class java.lang.Object, but interface was expected> (0x0000000749292b70) 
thrown [s\src\hotspot\share\interpreter\linkResolver.cpp, line 838]
Event: 7.232 Thread 0x00000190f63aade0 Implicit null exception at 0x0000019087e6d06c to 0x0000019087e6d67c
Event: 7.239 Thread 0x00000190f63aade0 Implicit null exception at 0x0000019087e662ef to 0x0000019087e668ac
Event: 7.516 Thread 0x00000190f63aade0 Implicit null exception at 0x0000019087c5bfbc to 0x0000019087c5cf8c

VM Operations (20 events):
Event: 7.232 Executing VM operation: ICBufferFull
Event: 7.232 Executing VM operation: ICBufferFull done
Event: 7.300 Executing VM operation: ICBufferFull
Event: 7.301 Executing VM operation: ICBufferFull done
Event: 7.409 Executing VM operation: ICBufferFull
Event: 7.409 Executing VM operation: ICBufferFull done
Event: 7.443 Executing VM operation: HandshakeAllThreads
Event: 7.443 Executing VM operation: HandshakeAllThreads done
Event: 7.446 Executing VM operation: HandshakeAllThreads
Event: 7.446 Executing VM operation: HandshakeAllThreads done
Event: 7.449 Executing VM operation: HandshakeAllThreads
Event: 7.449 Executing VM operation: HandshakeAllThreads done
Event: 7.453 Executing VM operation: HandshakeAllThreads
Event: 7.453 Executing VM operation: HandshakeAllThreads done
Event: 7.555 Executing VM operation: G1CollectForAllocation
Event: 7.567 Executing VM operation: G1CollectForAllocation done
Event: 7.637 Executing VM operation: G1Concurrent
Event: 7.642 Executing VM operation: G1Concurrent done
Event: 7.670 Executing VM operation: G1Concurrent
Event: 7.670 Executing VM operation: G1Concurrent done

Events (20 events):
Event: 6.025 loading class java/util/stream/Nodes$EmptyNode$OfDouble done
Event: 6.025 loading class java/util/stream/Nodes$SpinedNodeBuilder
Event: 6.026 loading class java/util/stream/Node$Builder
Event: 6.026 loading class java/util/stream/Node$Builder done
Event: 6.026 loading class java/util/stream/SpinedBuffer
Event: 6.026 loading class java/util/stream/AbstractSpinedBuffer
Event: 6.026 loading class java/util/stream/AbstractSpinedBuffer done
Event: 6.026 loading class java/util/stream/SpinedBuffer done
Event: 6.026 loading class java/util/stream/Nodes$SpinedNodeBuilder done
Event: 6.091 loading class java/util/function/ToIntFunction
Event: 6.091 loading class java/util/function/ToIntFunction done
Event: 6.497 Thread 0x000001909288e990 flushing nmethod 0x00000190801d8a90
Event: 6.497 Thread 0x000001909288e990 flushing nmethod 0x00000190801f6e10
Event: 6.497 Thread 0x000001909288e990 flushing nmethod 0x0000019080216690
Event: 6.501 Thread 0x000001909288e990 flushing nmethod 0x0000019080902990
Event: 6.501 Thread 0x000001909288e990 flushing nmethod 0x000001908094f190
Event: 6.501 Thread 0x000001909288e990 flushing nmethod 0x0000019080976d90
Event: 6.502 Thread 0x000001909288e990 flushing nmethod 0x0000019080a89b10
Event: 6.502 Thread 0x000001909288e990 flushing nmethod 0x0000019080aef410
Event: 6.502 Thread 0x000001909288e990 flushing nmethod 0x0000019080b13090


Dynamic libraries:
0x00007ff6065d0000 - 0x00007ff6065da000 	D:\Android Kotlin\jbr\bin\java.exe
0x00007ffdeb2b0000 - 0x00007ffdeb4a8000 	C:\WINDOWS\SYSTEM32\ntdll.dll
0x00007ffde8ea0000 - 0x00007ffde8f5f000 	C:\WINDOWS\System32\KERNEL32.DLL
0x00007ffde82e0000 - 0x00007ffde85d6000 	C:\WINDOWS\System32\KERNELBASE.dll
0x00007ffde7fa0000 - 0x00007ffde80a0000 	C:\WINDOWS\System32\ucrtbase.dll
0x00007ffde3c80000 - 0x00007ffde3c9b000 	D:\Android Kotlin\jbr\bin\VCRUNTIME140.dll
0x00007ffde2bf0000 - 0x00007ffde2c07000 	D:\Android Kotlin\jbr\bin\jli.dll
0x00007ffde8960000 - 0x00007ffde8afd000 	C:\WINDOWS\System32\USER32.dll
0x00007ffdd6050000 - 0x00007ffdd62ea000 	C:\WINDOWS\WinSxS\amd64_microsoft.windows.common-controls_6595b64144ccf1df_6.0.19041.1110_none_60b5254171f9507e\COMCTL32.dll
0x00007ffde9a80000 - 0x00007ffde9b1e000 	C:\WINDOWS\System32\msvcrt.dll
0x00007ffde8e70000 - 0x00007ffde8e9c000 	C:\WINDOWS\System32\GDI32.dll
0x00007ffde8900000 - 0x00007ffde8922000 	C:\WINDOWS\System32\win32u.dll
0x00007ffde8750000 - 0x00007ffde8865000 	C:\WINDOWS\System32\gdi32full.dll
0x00007ffde80a0000 - 0x00007ffde813d000 	C:\WINDOWS\System32\msvcp_win.dll
0x00007ffdead40000 - 0x00007ffdead70000 	C:\WINDOWS\System32\IMM32.DLL
0x00007ffde2c30000 - 0x00007ffde2c3c000 	D:\Android Kotlin\jbr\bin\vcruntime140_1.dll
0x00007ffdc1400000 - 0x00007ffdc148d000 	D:\Android Kotlin\jbr\bin\msvcp140.dll
0x00007ffd5eb60000 - 0x00007ffd5f7cd000 	D:\Android Kotlin\jbr\bin\server\jvm.dll
0x00007ffdeabd0000 - 0x00007ffdeac7f000 	C:\WINDOWS\System32\ADVAPI32.dll
0x00007ffde9930000 - 0x00007ffde99cc000 	C:\WINDOWS\System32\sechost.dll
0x00007ffde9260000 - 0x00007ffde9386000 	C:\WINDOWS\System32\RPCRT4.dll
0x00007ffdd4c90000 - 0x00007ffdd4c99000 	C:\WINDOWS\SYSTEM32\WSOCK32.dll
0x00007ffde9390000 - 0x00007ffde93fb000 	C:\WINDOWS\System32\WS2_32.dll
0x00007ffddbf10000 - 0x00007ffddbf37000 	C:\WINDOWS\SYSTEM32\WINMM.dll
0x00007ffde2320000 - 0x00007ffde232a000 	C:\WINDOWS\SYSTEM32\VERSION.dll
0x00007ffde5e30000 - 0x00007ffde5e42000 	C:\WINDOWS\SYSTEM32\kernel.appcore.dll
0x00007ffddfbc0000 - 0x00007ffddfbca000 	D:\Android Kotlin\jbr\bin\jimage.dll
0x00007ffdd2650000 - 0x00007ffdd2834000 	C:\WINDOWS\SYSTEM32\DBGHELP.DLL
0x00007ffdd2340000 - 0x00007ffdd2374000 	C:\WINDOWS\SYSTEM32\dbgcore.DLL
0x00007ffde8870000 - 0x00007ffde88f2000 	C:\WINDOWS\System32\bcryptPrimitives.dll
0x00007ffdcc7d0000 - 0x00007ffdcc7f5000 	D:\Android Kotlin\jbr\bin\java.dll
0x00007ffdca1f0000 - 0x00007ffdca208000 	D:\Android Kotlin\jbr\bin\zip.dll
0x00007ffdea480000 - 0x00007ffdeabc4000 	C:\WINDOWS\System32\SHELL32.dll
0x00007ffde6030000 - 0x00007ffde67c3000 	C:\WINDOWS\SYSTEM32\windows.storage.dll
0x00007ffdea040000 - 0x00007ffdea394000 	C:\WINDOWS\System32\combase.dll
0x00007ffde7900000 - 0x00007ffde792e000 	C:\WINDOWS\SYSTEM32\Wldp.dll
0x00007ffde99d0000 - 0x00007ffde9a7d000 	C:\WINDOWS\System32\SHCORE.dll
0x00007ffde98d0000 - 0x00007ffde9925000 	C:\WINDOWS\System32\shlwapi.dll
0x00007ffde7ed0000 - 0x00007ffde7ef5000 	C:\WINDOWS\SYSTEM32\profapi.dll
0x00007ffdca1d0000 - 0x00007ffdca1e9000 	D:\Android Kotlin\jbr\bin\net.dll
0x00007ffde2ae0000 - 0x00007ffde2bea000 	C:\WINDOWS\SYSTEM32\WINHTTP.dll
0x00007ffde76e0000 - 0x00007ffde774a000 	C:\WINDOWS\system32\mswsock.dll
0x00007ffdc4f20000 - 0x00007ffdc4f36000 	D:\Android Kotlin\jbr\bin\nio.dll
0x00007ffdcc6f0000 - 0x00007ffdcc700000 	D:\Android Kotlin\jbr\bin\verify.dll

dbghelp: loaded successfully - version: 4.0.5 - missing functions: none
symbol engine: initialized successfully - sym options: 0x614 - pdb path: .;D:\Android Kotlin\jbr\bin;C:\WINDOWS\SYSTEM32;C:\WINDOWS\WinSxS\amd64_microsoft.windows.common-controls_6595b64144ccf1df_6.0.19041.1110_none_60b5254171f9507e;D:\Android Kotlin\jbr\bin\server

VM Arguments:
java_command: org.jetbrains.kotlin.cli.jvm.K2JVMCompiler @D:\ThematicworkRec\app\build\20230910_6307732115744420254.compiler.options
java_class_path (initial): D:\Android\.gradle\caches\modules-2\files-2.1\org.jetbrains.kotlin\kotlin-compiler-embeddable\1.7.21\a36688d6a38ea94ac3fce84e198ea2cb6c6a8e88\kotlin-compiler-embeddable-1.7.21.jar;D:\Android\.gradle\caches\modules-2\files-2.1\org.jetbrains.kotlin\kotlin-reflect\1.7.21\ad6d09bc4db0eab1069112eea8ebea0be7be44f\kotlin-reflect-1.7.21.jar;D:\Android\.gradle\caches\modules-2\files-2.1\org.jetbrains.kotlin\kotlin-stdlib\1.7.21\1a2eaf898a0dda83037034b10a42053cf8a7caf8\kotlin-stdlib-1.7.21.jar;D:\Android\.gradle\caches\modules-2\files-2.1\org.jetbrains.kotlin\kotlin-script-runtime\1.7.21\b06d5c58297dccce2a0f69b0636804b0a73b3b9\kotlin-script-runtime-1.7.21.jar;D:\Android\.gradle\caches\modules-2\files-2.1\org.jetbrains.kotlin\kotlin-daemon-embeddable\1.7.21\b94818f660cc50f5d39f04b6396ac38e4d3a9eb7\kotlin-daemon-embeddable-1.7.21.jar;D:\Android\.gradle\caches\modules-2\files-2.1\org.jetbrains.intellij.deps\trove4j\1.0.20200330\3afb14d5f9ceb459d724e907a21145e8ff394f02\trove4j-1.0.20200330.jar;D:\Android\.gradle\caches\modules-2\files-2.1\net.java.dev.jna\jna\5.6.0\330f2244e9030119ab3030fc3fededc86713d9cc\jna-5.6.0.jar;D:\Android\.gradle\caches\modules-2\files-2.1\org.jetbrains.kotlin\kotlin-stdlib-common\1.7.21\cb02257de8e13e8498f8e2f69f742f2d438e794d\kotlin-stdlib-common-1.7.21.jar;D:\Android\.gradle\caches\modules-2\files-2.1\org.jetbrains\annotations\13.0\919f0dfe192fb4e063e7dacadee7f8bb9a2672a9\annotations-13.0.jar
Launcher Type: SUN_STANDARD

[Global flags]
     intx CICompilerCount                          = 3                                         {product} {ergonomic}
     uint ConcGCThreads                            = 1                                         {product} {ergonomic}
     uint G1ConcRefinementThreads                  = 4                                         {product} {ergonomic}
   size_t G1HeapRegionSize                         = 2097152                                   {product} {ergonomic}
    uintx GCDrainStackTargetSize                   = 64                                        {product} {ergonomic}
   size_t InitialHeapSize                          = 201326592                                 {product} {ergonomic}
   size_t MarkStackSize                            = 4194304                                   {product} {ergonomic}
   size_t MaxHeapSize                              = 3191865344                                {product} {ergonomic}
   size_t MaxNewSize                               = 1914699776                                {product} {ergonomic}
   size_t MinHeapDeltaBytes                        = 2097152                                   {product} {ergonomic}
   size_t MinHeapSize                              = 8388608                                   {product} {ergonomic}
    uintx NonNMethodCodeHeapSize                   = 5832780                                {pd product} {ergonomic}
    uintx NonProfiledCodeHeapSize                  = 122912730                              {pd product} {ergonomic}
    uintx ProfiledCodeHeapSize                     = 122912730                              {pd product} {ergonomic}
    uintx ReservedCodeCacheSize                    = 251658240                              {pd product} {ergonomic}
     bool SegmentedCodeCache                       = true                                      {product} {ergonomic}
   size_t SoftMaxHeapSize                          = 3191865344                             {manageable} {ergonomic}
     bool UseCompressedClassPointers               = true                           {product lp64_product} {ergonomic}
     bool UseCompressedOops                        = true                           {product lp64_product} {ergonomic}
     bool UseG1GC                                  = true                                      {product} {ergonomic}
     bool UseLargePagesIndividualAllocation        = false                                  {pd product} {ergonomic}

Logging:
Log output configuration:
 #0: stdout all=warning uptime,level,tags
 #1: stderr all=off uptime,level,tags

Environment Variables:
CLASSPATH=.;D:\QuickTime\QTSystem\QTJava.zip
PATH=C:\Program Files\Common Files\Oracle\Java\javapath;C:\Program Files (x86)\Common Files\Oracle\Java\javapath;C:\Program Files (x86)\Common Files\Microsoft Shared\Windows Live;C:\Program Files (x86)\Intel\iCLS Client\;C:\Program Files\Intel\iCLS Client\;C:\Windows\system32;C:\Windows;C:\Windows\System32\Wbem;C:\Windows\System32\WindowsPowerShell\v1.0\;C:\Program Files\Intel\Intel(R) Management Engine Components\DAL;C:\Program Files\Intel\Intel(R) Management Engine Components\IPT;C:\Program Files (x86)\Intel\Intel(R) Management Engine Components\DAL;C:\Program Files (x86)\Intel\Intel(R) Management Engine Components\IPT;C:\Program Files (x86)\Intel\OpenCL SDK\3.0\bin\x86;C:\Program Files (x86)\Intel\OpenCL SDK\3.0\bin\x64;D:\QuickTime\QTSystem\;C:\Program Files\NVIDIA Corporation\NVIDIA NvDLISR;C:\Program Files (x86)\NVIDIA Corporation\PhysX\Common;C:\Program Files\Git\cmd;C:\WINDOWS\system32;C:\WINDOWS;C:\WINDOWS\System32\Wbem;C:\WINDOWS\System32\WindowsPowerShell\v1.0\;C:\WINDOWS\System32\OpenSSH\;C:\Users\jason\AppData\Roaming\nvm;C:\nvm;C:\Program Files\Java\jdk-17\bin;C:\Users\jason\AppData\Local\Programs\Python\Python38\Scripts\;C:\Users\jason\AppData\Local\Programs\Python\Python38\;C:\Users\jason\AppData\Local\Programs\Microsoft VS Code\bin;C:\Users\jason\AppData\Local\Microsoft\WindowsApps;C:\Users\jason\AppData\Roaming\nvm;C:\nvm
USERNAME=jason
OS=Windows_NT
PROCESSOR_IDENTIFIER=Intel64 Family 6 Model 60 Stepping 3, GenuineIntel
TMP=D:\TEMP
TEMP=D:\TEMP



---------------  S Y S T E M  ---------------

OS:
 Windows 10 , 64 bit Build 19041 (10.0.19041.3155)
OS uptime: 5 days 8:46 hours
Hyper-V role detected

CPU: total 4 (initial active 4) (4 cores per cpu, 1 threads per core) family 6 model 60 stepping 3 microcode 0x27, cx8, cmov, fxsr, mmx, sse, sse2, sse3, ssse3, sse4.1, sse4.2, popcnt, lzcnt, tsc, tscinvbit, avx, avx2, aes, erms, clmul, bmi1, bmi2, fma, vzeroupper, clflush, hv

Memory: 4k page, system-wide physical 12173M (849M free)
TotalPageFile size 17293M (AvailPageFile size 5M)
current process WorkingSet (physical memory assigned to process): 327M, peak: 327M
current process commit charge ("private bytes"): 356M, peak: 357M

vm_info: OpenJDK 64-Bit Server VM (17.0.6+0-b2043.56-9586694) for windows-amd64 JRE (17.0.6+0-b2043.56-9586694), built on Feb  9 2023 20:06:20 by "androidbuild" with MS VC++ 16.10 / 16.11 (VS2019)

END.
